20:02:23.840 [main] FATAL by.bsu.homeapplication.read.HomeElectricalApplicationReader - java.io.FileNotFoundException: / (Is a directory)
20:02:23.847 [main] FATAL by.bsu.homeapplication.read.HomeElectricalApplicationReader - java.io.FileNotFoundException: data/applications1.txt (No such file or directory)
20:05:12.191 [main] FATAL by.bsu.homeapplication.read.HomeElectricalApplicationReader - java.io.FileNotFoundException: data/applications1.txt (No such file or directory)
20:06:33.074 [main] FATAL by.bsu.homeapplication.read.HomeElectricalApplicationReader - java.io.FileNotFoundException: data/applications1.txt (No such file or directory)
20:07:37.904 [main] FATAL by.bsu.homeapplication.read.HomeElectricalApplicationReader - java.io.FileNotFoundException: / (Is a directory)
20:07:37.909 [main] FATAL by.bsu.homeapplication.read.HomeElectricalApplicationReader - java.io.FileNotFoundException: data/applications1.txt (No such file or directory)
20:08:39.069 [main] FATAL by.bsu.homeapplication.read.HomeElectricalApplicationReader - java.io.FileNotFoundException: / (Is a directory)
20:08:39.074 [main] FATAL by.bsu.homeapplication.read.HomeElectricalApplicationReader - java.io.FileNotFoundException: data/applications1.txt.txt (No such file or directory)
20:09:11.879 [main] FATAL by.bsu.homeapplication.read.HomeElectricalApplicationReader - java.io.FileNotFoundException: / (Is a directory)
20:14:19.485 [main] ERROR by.bsu.homeapplication.init.HomeElectricalApplicationStorageInitializer - String contain not valid home electrical application
by.bsu.homeapplication.exception.InvalidDataException: Producer not valid
	at by.bsu.homeapplication.parser.HomeElectricalApplicationParser.takeHomeElectricalApplicationType(HomeElectricalApplicationParser.java:56) ~[HomeApplications/:?]
	at by.bsu.homeapplication.init.HomeElectricalApplicationStorageInitializer.init(HomeElectricalApplicationStorageInitializer.java:28) [HomeApplications/:?]
	at by.bsu.homeapplication.init.HomeElectricalApplicationStorageInitializerTest.init(HomeElectricalApplicationStorageInitializerTest.java:17) [HomeApplications/:?]
	at jdk.internal.reflect.NativeMethodAccessorImpl.invoke0(Native Method) ~[?:?]
	at jdk.internal.reflect.NativeMethodAccessorImpl.invoke(NativeMethodAccessorImpl.java:62) ~[?:?]
	at jdk.internal.reflect.DelegatingMethodAccessorImpl.invoke(DelegatingMethodAccessorImpl.java:43) ~[?:?]
	at java.lang.reflect.Method.invoke(Method.java:566) ~[?:?]
	at org.junit.runners.model.FrameworkMethod$1.runReflectiveCall(FrameworkMethod.java:50) [junit-4.12.jar:4.12]
	at org.junit.internal.runners.model.ReflectiveCallable.run(ReflectiveCallable.java:12) [junit-4.12.jar:4.12]
	at org.junit.runners.model.FrameworkMethod.invokeExplosively(FrameworkMethod.java:47) [junit-4.12.jar:4.12]
	at org.junit.internal.runners.statements.InvokeMethod.evaluate(InvokeMethod.java:17) [junit-4.12.jar:4.12]
	at org.junit.internal.runners.statements.ExpectException.evaluate(ExpectException.java:19) [junit-4.12.jar:4.12]
	at org.junit.runners.ParentRunner.runLeaf(ParentRunner.java:325) [junit-4.12.jar:4.12]
	at org.junit.runners.BlockJUnit4ClassRunner.runChild(BlockJUnit4ClassRunner.java:78) [junit-4.12.jar:4.12]
	at org.junit.runners.BlockJUnit4ClassRunner.runChild(BlockJUnit4ClassRunner.java:57) [junit-4.12.jar:4.12]
	at org.junit.runners.ParentRunner$3.run(ParentRunner.java:290) [junit-4.12.jar:4.12]
	at org.junit.runners.ParentRunner$1.schedule(ParentRunner.java:71) [junit-4.12.jar:4.12]
	at org.junit.runners.ParentRunner.runChildren(ParentRunner.java:288) [junit-4.12.jar:4.12]
	at org.junit.runners.ParentRunner.access$000(ParentRunner.java:58) [junit-4.12.jar:4.12]
	at org.junit.runners.ParentRunner$2.evaluate(ParentRunner.java:268) [junit-4.12.jar:4.12]
	at org.junit.runners.ParentRunner.run(ParentRunner.java:363) [junit-4.12.jar:4.12]
	at org.junit.runner.JUnitCore.run(JUnitCore.java:137) [junit-4.12.jar:4.12]
	at com.intellij.junit4.JUnit4IdeaTestRunner.startRunnerWithArgs(JUnit4IdeaTestRunner.java:68) [junit-rt.jar:?]
	at com.intellij.rt.execution.junit.IdeaTestRunner$Repeater.startRunnerWithArgs(IdeaTestRunner.java:47) [junit-rt.jar:?]
	at com.intellij.rt.execution.junit.JUnitStarter.prepareStreamsAndStart(JUnitStarter.java:242) [junit-rt.jar:?]
	at com.intellij.rt.execution.junit.JUnitStarter.main(JUnitStarter.java:70) [junit-rt.jar:?]
